13:05:53 **** Incremental Build of configuration Debug for project doorlock_app ****
make all 
Building file: ../app.c
Invoking: AVR Compiler
avr-gcc -Wall -g2 -gstabs -O0 -fpack-struct -fshort-enums -ffunction-sections -fdata-sections -std=gnu99 -funsigned-char -funsigned-bitfields -mmcu=atmega16 -DF_CPU=8000000UL -MMD -MP -MF"app.d" -MT"app.o" -c -o "app.o" "../app.c"
In file included from ../micro_config.h:19,
                 from ../i2c.h:12,
                 from ../external_eeprom.h:15,
                 from ../hwal_includes.h:11,
                 from ../app.h:14,
                 from ../app.c:16:
c:/winavr-20100110/lib/gcc/../../avr/include/util/delay.h:90:3: warning: #warning "Compiler optimizations disabled; functions from <util/delay.h> won't work as designed"
../app.c: In function 'APP_setPassword':
../app.c:93: warning: implicit declaration of function 'APP_passwordIsSetSetFlageQuary'
../app.c:110: warning: implicit declaration of function 'itoa'
../app.c: In function 'APP_doesTheUserHaveThePassword':
../app.c:192: warning: unused variable 'password_doesnot_matches'
../app.c:190: warning: unused variable 'mystr'
../app.c: At top level:
../app.c:269: warning: conflicting types for 'APP_passwordIsSetSetFlageQuary'
../app.c:93: warning: previous implicit declaration of 'APP_passwordIsSetSetFlageQuary' was here
../app.c: In function 'APP_getPasswordFromUser':
../app.c:415: warning: pointer targets in passing argument 1 of 'LCD_displayString' differ in signedness
../app.c:419: warning: pointer targets in passing argument 1 of 'LCD_displayString' differ in signedness
Finished building: ../app.c
 
Building target: doorlock_app.elf
Invoking: AVR C Linker
avr-gcc -Wl,-Map,doorlock_app.map -mmcu=atmega16 -o "doorlock_app.elf"  ./Keypad.o ./app.o ./external_eeprom.o ./i2c.o ./lcd.o ./mc1_main.o ./uart.o   
Finished building target: doorlock_app.elf
 
Invoking: AVR Create Extended Listing
avr-objdump -h -S doorlock_app.elf  >"doorlock_app.lss"
Finished building: doorlock_app.lss
 
Invoking: Print Size
avr-size --format=avr --mcu=atmega16 doorlock_app.elf
AVR Memory Usage
----------------
Device: atmega16

Program:   15166 bytes (92.6% Full)
(.text + .data + .bootloader)

Data:        350 bytes (34.2% Full)
(.data + .bss + .noinit)


Finished building: sizedummy
 

13:05:56 Build Finished (took 2s.759ms)

